[ 02.01.2020 - 10:49:46 ]
    (MSG) [2] in SMILExtract : openSMILE starting!
[ 02.01.2020 - 10:49:46 ]
    (MSG) [2] in SMILExtract : config file is: config/emo_test.conf
[ 02.01.2020 - 10:49:46 ]
    (MSG) [2] in cComponentManager : successfully registered 95 component types.
[ 02.01.2020 - 10:49:46 ]
    (MSG) [2] in instance 'res' : adjusting resampleRatio from 0.249433 to 0.249320 to match next integer frame size! (targetFs* = 10995.013599)
[ 02.01.2020 - 10:49:46 ]
    (WARN) [2] in instance 'lld.reader' : Inconsistency in input level parameters. growDyn on first (#1) input = 0, growDyn on input # 5 (pitch) = 1. This might cause the processing to hang unpredictably or cause incomplete processing.
[ 02.01.2020 - 10:49:46 ]
    (WARN) [2] in instance 'lld.reader' : Inconsistency in input level parameters. isRb on first (#1) input = 1, isRb on input # 5 (pitch) = 0. This might cause the processing to hang unpredictably or cause incomplete processing.
[ 02.01.2020 - 10:49:46 ]
    (WARN) [1] in instance 'lld.reader' : Mismatch in input level buffer sizes (levelconf.nT). Level #0 has size 2 which is smaller than the max. input size of all input levels (10). This might cause the processing to hang unpredictably or cause incomplete processing.
[ 02.01.2020 - 10:49:46 ]
    (WARN) [1] in instance 'lld.reader' : Mismatch in input level buffer sizes (levelconf.nT). Level #1 has size 2 which is smaller than the max. input size of all input levels (10). This might cause the processing to hang unpredictably or cause incomplete processing.
[ 02.01.2020 - 10:49:46 ]
    (WARN) [1] in instance 'lld.reader' : Mismatch in input level buffer sizes (levelconf.nT). Level #2 has size 2 which is smaller than the max. input size of all input levels (10). This might cause the processing to hang unpredictably or cause incomplete processing.
[ 02.01.2020 - 10:49:46 ]
    (WARN) [1] in instance 'lld.reader' : Mismatch in input level buffer sizes (levelconf.nT). Level #3 has size 2 which is smaller than the max. input size of all input levels (10). This might cause the processing to hang unpredictably or cause incomplete processing.
[ 02.01.2020 - 10:49:46 ]
    (WARN) [1] in instance 'lld2.reader' : Mismatch in input level buffer sizes (levelconf.nT). Level #0 has size 10 which is smaller than the max. input size of all input levels (100). This might cause the processing to hang unpredictably or cause incomplete processing.
[ 02.01.2020 - 10:49:46 ]
    (MSG) [2] in cComponentManager : successfully finished createInstances
                                 (31 component instances were finalised, 1 data memories were finalised)
[ 02.01.2020 - 10:49:46 ]
    (MSG) [2] in cComponentManager : starting single thread processing loop
[ 02.01.2020 - 10:49:46 ]
    (MSG) [2] in cComponentManager : Processing finished! System ran for 212 ticks.
